build/app/intermediates/manifest_merge_blame_file/release/manifest-merger-blame-release-report.txt
1<?xml version="1.0" encoding="utf-8"?>
2<manifest xmlns:android="http://schemas.android.com/apk/res/android"
3    package="com.example.stduent_app"
4    android:versionCode="1"
5    android:versionName="1.0.0" >
6
7    <uses-sdk
8        android:minSdkVersion="21"
8-->src\main\AndroidManifest.xml
9        android:targetSdkVersion="29" />
9-->src\main\AndroidManifest.xml
10    <!--
11         io.flutter.app.FlutterApplication is an android.app.Application that
12         calls FlutterMain.startInitialization(this); in its onCreate method.
13         In most cases you can leave this as-is, but you if you want to provide
14         additional functionality it is fine to subclass or reimplement
15         FlutterApplication and put your custom class here.
16    -->
17    <uses-permission android:name="android.permission.INTERNET" />
17-->src\main\AndroidManifest.xml:8:10-71
17-->src\main\AndroidManifest.xml:8:27-69
18    <uses-permission android:name="android.permission.VIBRATE" />
18-->src\main\AndroidManifest.xml:9:10-71
18-->src\main\AndroidManifest.xml:9:27-68
19    <uses-permission android:name="android.permission.RECEIVE_BOOT_COMPLETED" />
19-->src\main\AndroidManifest.xml:10:10-85
19-->src\main\AndroidManifest.xml:10:27-83
20    <uses-permission android:name="android.permission.USE_FULL_SCREEN_INTENT" />
20-->[:flutter_local_notifications] AndroidManifest.xml:9:5-81
20-->[:flutter_local_notifications] AndroidManifest.xml:9:22-78
21    <uses-permission android:name="android.permission.ACCESS_NETWORK_STATE" />
21-->[com.google.android.gms:play-services-measurement-api:18.0.0] AndroidManifest.xml:23:5-79
21-->[com.google.android.gms:play-services-measurement-api:18.0.0] AndroidManifest.xml:23:22-76
22    <uses-permission android:name="android.permission.WAKE_LOCK" />
22-->[com.google.android.gms:play-services-measurement-api:18.0.0] AndroidManifest.xml:24:5-68
22-->[com.google.android.gms:play-services-measurement-api:18.0.0] AndroidManifest.xml:24:22-65
23    <uses-permission android:name="com.google.android.finsky.permission.BIND_GET_INSTALL_REFERRER_SERVICE" />
23-->[com.google.android.gms:play-services-measurement:18.0.0] AndroidManifest.xml:26:5-110
23-->[com.google.android.gms:play-services-measurement:18.0.0] AndroidManifest.xml:26:22-107
24
25    <application
25-->src\main\AndroidManifest.xml:11:5-56:19
26        android:name="io.flutter.app.FlutterApplication"
26-->src\main\AndroidManifest.xml:12:9-57
27        android:appComponentFactory="androidx.core.app.CoreComponentFactory"
27-->[androidx.core:core:1.3.0] AndroidManifest.xml:24:18-86
28        android:icon="@mipmap/ic_launcher"
28-->src\main\AndroidManifest.xml:14:9-43
29        android:label="stduent_app" >
29-->src\main\AndroidManifest.xml:13:9-36
30        <receiver android:name="com.dexterous.flutterlocalnotifications.ScheduledNotificationBootReceiver" >
30-->src\main\AndroidManifest.xml:15:9-20:20
30-->src\main\AndroidManifest.xml:15:19-107
31            <intent-filter>
31-->src\main\AndroidManifest.xml:16:9-19:25
32                <action android:name="android.intent.action.BOOT_COMPLETED" />
32-->src\main\AndroidManifest.xml:17:11-72
32-->src\main\AndroidManifest.xml:17:19-70
33                <action android:name="android.intent.action.MY_PACKAGE_REPLACED" />
33-->src\main\AndroidManifest.xml:18:11-77
33-->src\main\AndroidManifest.xml:18:19-75
34            </intent-filter>
35            <intent-filter>
35-->[:flutter_local_notifications] AndroidManifest.xml:14:13-19:29
36                <action android:name="android.intent.action.BOOT_COMPLETED" />
36-->src\main\AndroidManifest.xml:17:11-72
36-->src\main\AndroidManifest.xml:17:19-70
37                <action android:name="android.intent.action.MY_PACKAGE_REPLACED" />
37-->src\main\AndroidManifest.xml:18:11-77
37-->src\main\AndroidManifest.xml:18:19-75
38                <action android:name="android.intent.action.QUICKBOOT_POWERON" />
38-->[:flutter_local_notifications] AndroidManifest.xml:17:17-82
38-->[:flutter_local_notifications] AndroidManifest.xml:17:25-79
39                <action android:name="com.htc.intent.action.QUICKBOOT_POWERON" />
39-->[:flutter_local_notifications] AndroidManifest.xml:18:17-82
39-->[:flutter_local_notifications] AndroidManifest.xml:18:25-79
40            </intent-filter>
41        </receiver>
42        <receiver android:name="com.dexterous.flutterlocalnotifications.ScheduledNotificationReceiver" />
42-->src\main\AndroidManifest.xml:21:9-106
42-->src\main\AndroidManifest.xml:21:19-103
43
44        <activity
44-->src\main\AndroidManifest.xml:22:9-50:20
45            android:name="com.example.stduent_app.MainActivity"
45-->src\main\AndroidManifest.xml:23:13-41
46            android:configChanges="orientation|keyboardHidden|keyboard|screenSize|smallestScreenSize|locale|layoutDirection|fontScale|screenLayout|density|uiMode"
46-->src\main\AndroidManifest.xml:26:13-163
47            android:hardwareAccelerated="true"
47-->src\main\AndroidManifest.xml:27:13-47
48            android:launchMode="singleTop"
48-->src\main\AndroidManifest.xml:24:13-43
49            android:theme="@style/LaunchTheme"
49-->src\main\AndroidManifest.xml:25:13-47
50            android:windowSoftInputMode="adjustResize" >
50-->src\main\AndroidManifest.xml:28:13-55
51
52            <!--
53                 Specifies an Android theme to apply to this Activity as soon as
54                 the Android process has started. This theme is visible to the user
55                 while the Flutter UI initializes. After that, this theme continues
56                 to determine the Window background behind the Flutter UI.
57            -->
58            <meta-data
58-->src\main\AndroidManifest.xml:33:13-36:17
59                android:name="io.flutter.embedding.android.NormalTheme"
59-->src\main\AndroidManifest.xml:34:15-70
60                android:resource="@style/NormalTheme" />
60-->src\main\AndroidManifest.xml:35:15-52
61            <!--
62                 Displays an Android View that continues showing the launch screen
63                 Drawable until Flutter paints its first frame, then this splash
64                 screen fades out. A splash screen is useful to avoid any visual
65                 gap between the end of Android's launch screen and the painting of
66                 Flutter's first frame.
67            -->
68            <meta-data
68-->src\main\AndroidManifest.xml:42:13-45:17
69                android:name="io.flutter.embedding.android.SplashScreenDrawable"
69-->src\main\AndroidManifest.xml:43:15-79
70                android:resource="@drawable/launch_background" />
70-->src\main\AndroidManifest.xml:44:15-61
71
72            <intent-filter>
72-->src\main\AndroidManifest.xml:46:13-49:29
73                <action android:name="android.intent.action.MAIN" />
73-->src\main\AndroidManifest.xml:47:17-68
73-->src\main\AndroidManifest.xml:47:25-66
74
75                <category android:name="android.intent.category.LAUNCHER" />
75-->src\main\AndroidManifest.xml:48:17-76
75-->src\main\AndroidManifest.xml:48:27-74
76            </intent-filter>
77        </activity>
78        <!--
79             Don't delete the meta-data below.
80             This is used by the Flutter tool to generate GeneratedPluginRegistrant.java
81        -->
82        <meta-data
82-->src\main\AndroidManifest.xml:53:9-55:33
83            android:name="flutterEmbedding"
83-->src\main\AndroidManifest.xml:54:13-44
84            android:value="2" />
84-->src\main\AndroidManifest.xml:55:13-30
85
86        <service
86-->[com.google.firebase:firebase-analytics-ktx:18.0.0] AndroidManifest.xml:8:9-14:19
87            android:name="com.google.firebase.components.ComponentDiscoveryService"
87-->[com.google.firebase:firebase-analytics-ktx:18.0.0] AndroidManifest.xml:9:13-84
88            android:directBootAware="true"
88-->[com.google.firebase:firebase-common:19.4.0] AndroidManifest.xml:35:13-43
89            android:exported="false" >
89-->[com.google.firebase:firebase-analytics-ktx:18.0.0] AndroidManifest.xml:10:13-37
90            <meta-data
90-->[com.google.firebase:firebase-analytics-ktx:18.0.0] AndroidManifest.xml:11:13-13:85
91                android:name="com.google.firebase.components:com.google.firebase.analytics.ktx.FirebaseAnalyticsKtxRegistrar"
91-->[com.google.firebase:firebase-analytics-ktx:18.0.0] AndroidManifest.xml:12:17-126
92                android:value="com.google.firebase.components.ComponentRegistrar" />
92-->[com.google.firebase:firebase-analytics-ktx:18.0.0] AndroidManifest.xml:13:17-82
93            <meta-data
93-->[com.google.firebase:firebase-common-ktx:19.4.0] AndroidManifest.xml:15:13-17:85
94                android:name="com.google.firebase.components:com.google.firebase.ktx.FirebaseCommonKtxRegistrar"
94-->[com.google.firebase:firebase-common-ktx:19.4.0] AndroidManifest.xml:16:17-113
95                android:value="com.google.firebase.components.ComponentRegistrar" />
95-->[com.google.firebase:firebase-common-ktx:19.4.0] AndroidManifest.xml:17:17-82
96            <meta-data
96-->[com.google.android.gms:play-services-measurement-api:18.0.0] AndroidManifest.xml:30:13-32:85
97                android:name="com.google.firebase.components:com.google.firebase.analytics.connector.internal.AnalyticsConnectorRegistrar"
97-->[com.google.android.gms:play-services-measurement-api:18.0.0] AndroidManifest.xml:31:17-139
98                android:value="com.google.firebase.components.ComponentRegistrar" />
98-->[com.google.android.gms:play-services-measurement-api:18.0.0] AndroidManifest.xml:32:17-82
99            <meta-data
99-->[com.google.firebase:firebase-installations:16.3.4] AndroidManifest.xml:18:13-20:85
100                android:name="com.google.firebase.components:com.google.firebase.installations.FirebaseInstallationsRegistrar"
100-->[com.google.firebase:firebase-installations:16.3.4] AndroidManifest.xml:19:17-127
101                android:value="com.google.firebase.components.ComponentRegistrar" />
101-->[com.google.firebase:firebase-installations:16.3.4] AndroidManifest.xml:20:17-82
102        </service>
103
104        <provider
104-->[com.google.firebase:firebase-common:19.4.0] AndroidManifest.xml:26:9-31:39
105            android:name="com.google.firebase.provider.FirebaseInitProvider"
105-->[com.google.firebase:firebase-common:19.4.0] AndroidManifest.xml:27:13-77
106            android:authorities="com.example.stduent_app.firebaseinitprovider"
106-->[com.google.firebase:firebase-common:19.4.0] AndroidManifest.xml:28:13-72
107            android:directBootAware="true"
107-->[com.google.firebase:firebase-common:19.4.0] AndroidManifest.xml:29:13-43
108            android:exported="false"
108-->[com.google.firebase:firebase-common:19.4.0] AndroidManifest.xml:30:13-37
109            android:initOrder="100" />
109-->[com.google.firebase:firebase-common:19.4.0] AndroidManifest.xml:31:13-36
110
111        <receiver
111-->[com.google.android.gms:play-services-measurement:18.0.0] AndroidManifest.xml:29:9-33:20
112            android:name="com.google.android.gms.measurement.AppMeasurementReceiver"
112-->[com.google.android.gms:play-services-measurement:18.0.0] AndroidManifest.xml:30:13-85
113            android:enabled="true"
113-->[com.google.android.gms:play-services-measurement:18.0.0] AndroidManifest.xml:31:13-35
114            android:exported="false" >
114-->[com.google.android.gms:play-services-measurement:18.0.0] AndroidManifest.xml:32:13-37
115        </receiver>
116
117        <service
117-->[com.google.android.gms:play-services-measurement:18.0.0] AndroidManifest.xml:35:9-38:40
118            android:name="com.google.android.gms.measurement.AppMeasurementService"
118-->[com.google.android.gms:play-services-measurement:18.0.0] AndroidManifest.xml:36:13-84
119            android:enabled="true"
119-->[com.google.android.gms:play-services-measurement:18.0.0] AndroidManifest.xml:37:13-35
120            android:exported="false" />
120-->[com.google.android.gms:play-services-measurement:18.0.0] AndroidManifest.xml:38:13-37
121        <service
121-->[com.google.android.gms:play-services-measurement:18.0.0] AndroidManifest.xml:39:9-43:72
122            android:name="com.google.android.gms.measurement.AppMeasurementJobService"
122-->[com.google.android.gms:play-services-measurement:18.0.0] AndroidManifest.xml:40:13-87
123            android:enabled="true"
123-->[com.google.android.gms:play-services-measurement:18.0.0] AndroidManifest.xml:41:13-35
124            android:exported="false"
124-->[com.google.android.gms:play-services-measurement:18.0.0] AndroidManifest.xml:42:13-37
125            android:permission="android.permission.BIND_JOB_SERVICE" />
125-->[com.google.android.gms:play-services-measurement:18.0.0] AndroidManifest.xml:43:13-69
126
127        <meta-data
127-->[com.google.android.gms:play-services-basement:17.0.0] AndroidManifest.xml:23:9-25:69
128            android:name="com.google.android.gms.version"
128-->[com.google.android.gms:play-services-basement:17.0.0] AndroidManifest.xml:24:13-58
129            android:value="@integer/google_play_services_version" />
129-->[com.google.android.gms:play-services-basement:17.0.0] AndroidManifest.xml:25:13-66
130    </application>
131
132</manifest>